[20-10-2015 05:18:22] PayPal\Core\PayPalHttpConnection: INFO	: POST https://api.sandbox.paypal.com/v1/oauth2/token
[20-10-2015 05:18:23] PayPal\Core\PayPalHttpConnection: INFO	: Response Status 	: 401
[20-10-2015 05:18:23] PayPal\Core\PayPalHttpConnection: ERROR	: Got Http response code 401 when accessing https://api.sandbox.paypal.com/v1/oauth2/token. {"error":"invalid_client","error_description":"Client Authentication failed"}
[20-10-2015 05:21:48] PayPal\Core\PayPalHttpConnection: INFO	: POST https://api.sandbox.paypal.com/v1/oauth2/token
[20-10-2015 05:21:49] PayPal\Core\PayPalHttpConnection: INFO	: Response Status 	: 200
[20-10-2015 05:21:49] PayPal\Core\PayPalHttpConnection: INFO	: POST https://api.sandbox.paypal.com/v1/payments/payment
[20-10-2015 05:21:51] PayPal\Core\PayPalHttpConnection: INFO	: Response Status 	: 400
[20-10-2015 05:21:51] PayPal\Core\PayPalHttpConnection: ERROR	: Got Http response code 400 when accessing https://api.sandbox.paypal.com/v1/payments/payment. {"name":"VALIDATION_ERROR","details":[{"field":"transactions[0]","issue":"Item amount must add up to specified amount subtotal (or total if amount details not specified)"}],"message":"Invalid request - see details","information_link":"https://developer.paypal.com/webapps/developer/docs/api/#VALIDATION_ERROR","debug_id":"f2c9bfadbf8b5"}
[20-10-2015 05:23:31] PayPal\Core\PayPalHttpConnection: INFO	: POST https://api.sandbox.paypal.com/v1/oauth2/token
[20-10-2015 05:23:32] PayPal\Core\PayPalHttpConnection: INFO	: Response Status 	: 200
[20-10-2015 05:23:32] PayPal\Core\PayPalHttpConnection: INFO	: POST https://api.sandbox.paypal.com/v1/payments/payment
[20-10-2015 05:23:33] PayPal\Core\PayPalHttpConnection: INFO	: Response Status 	: 400
[20-10-2015 05:23:33] PayPal\Core\PayPalHttpConnection: ERROR	: Got Http response code 400 when accessing https://api.sandbox.paypal.com/v1/payments/payment. {"name":"VALIDATION_ERROR","details":[{"field":"transactions[0]","issue":"Item amount must add up to specified amount subtotal (or total if amount details not specified)"}],"message":"Invalid request - see details","information_link":"https://developer.paypal.com/webapps/developer/docs/api/#VALIDATION_ERROR","debug_id":"a8748bc29edc4"}
[20-10-2015 05:23:46] PayPal\Core\PayPalHttpConnection: INFO	: POST https://api.sandbox.paypal.com/v1/oauth2/token
[20-10-2015 05:23:47] PayPal\Core\PayPalHttpConnection: INFO	: Response Status 	: 200
[20-10-2015 05:23:47] PayPal\Core\PayPalHttpConnection: INFO	: POST https://api.sandbox.paypal.com/v1/payments/payment
[20-10-2015 05:23:48] PayPal\Core\PayPalHttpConnection: INFO	: Response Status 	: 400
[20-10-2015 05:23:48] PayPal\Core\PayPalHttpConnection: ERROR	: Got Http response code 400 when accessing https://api.sandbox.paypal.com/v1/payments/payment. {"name":"VALIDATION_ERROR","details":[{"field":"transactions[0]","issue":"Item amount must add up to specified amount subtotal (or total if amount details not specified)"}],"message":"Invalid request - see details","information_link":"https://developer.paypal.com/webapps/developer/docs/api/#VALIDATION_ERROR","debug_id":"8770eb96647d"}
[20-10-2015 05:27:27] PayPal\Core\PayPalHttpConnection: INFO	: POST https://api.sandbox.paypal.com/v1/oauth2/token
[20-10-2015 05:27:29] PayPal\Core\PayPalHttpConnection: INFO	: Response Status 	: 200
[20-10-2015 05:27:29] PayPal\Core\PayPalHttpConnection: INFO	: POST https://api.sandbox.paypal.com/v1/payments/payment
[20-10-2015 05:27:30] PayPal\Core\PayPalHttpConnection: INFO	: Response Status 	: 201
[20-10-2015 05:28:27] PayPal\Core\PayPalHttpConnection: INFO	: POST https://api.sandbox.paypal.com/v1/oauth2/token
[20-10-2015 05:28:28] PayPal\Core\PayPalHttpConnection: INFO	: Response Status 	: 200
[20-10-2015 05:28:28] PayPal\Core\PayPalHttpConnection: INFO	: GET https://api.sandbox.paypal.com/v1/payments/payment/PAY-210094850S672770SKYS5BQQ
[20-10-2015 05:28:29] PayPal\Core\PayPalHttpConnection: INFO	: Response Status 	: 200
[20-10-2015 05:28:29] PayPal\Core\PayPalHttpConnection: INFO	: POST https://api.sandbox.paypal.com/v1/payments/payment/PAY-210094850S672770SKYS5BQQ/execute
[20-10-2015 05:28:32] PayPal\Core\PayPalHttpConnection: INFO	: Response Status 	: 200
[20-10-2015 05:29:18] PayPal\Core\PayPalHttpConnection: INFO	: POST https://api.sandbox.paypal.com/v1/oauth2/token
[20-10-2015 05:29:19] PayPal\Core\PayPalHttpConnection: INFO	: Response Status 	: 200
[20-10-2015 05:29:19] PayPal\Core\PayPalHttpConnection: INFO	: GET https://api.sandbox.paypal.com/v1/payments/payment/PAY-210094850S672770SKYS5BQQ
[20-10-2015 05:29:20] PayPal\Core\PayPalHttpConnection: INFO	: Response Status 	: 200
[20-10-2015 05:29:20] PayPal\Core\PayPalHttpConnection: INFO	: POST https://api.sandbox.paypal.com/v1/payments/payment/PAY-210094850S672770SKYS5BQQ/execute
[20-10-2015 05:29:21] PayPal\Core\PayPalHttpConnection: INFO	: Response Status 	: 400
[20-10-2015 05:29:21] PayPal\Core\PayPalHttpConnection: ERROR	: Got Http response code 400 when accessing https://api.sandbox.paypal.com/v1/payments/payment/PAY-210094850S672770SKYS5BQQ/execute. {"name":"PAYMENT_ALREADY_DONE","message":"Payment has been done already for this cart.","information_link":"https://developer.paypal.com/webapps/developer/docs/api/#PAYMENT_ALREADY_DONE","debug_id":"509b0a674fb28"}
[20-10-2015 05:29:47] PayPal\Core\PayPalHttpConnection: INFO	: POST https://api.sandbox.paypal.com/v1/oauth2/token
[20-10-2015 05:29:48] PayPal\Core\PayPalHttpConnection: INFO	: Response Status 	: 200
[20-10-2015 05:29:48] PayPal\Core\PayPalHttpConnection: INFO	: POST https://api.sandbox.paypal.com/v1/payments/payment
[20-10-2015 05:29:49] PayPal\Core\PayPalHttpConnection: INFO	: Response Status 	: 201
[20-10-2015 05:30:01] PayPal\Core\PayPalHttpConnection: INFO	: POST https://api.sandbox.paypal.com/v1/oauth2/token
[20-10-2015 05:30:02] PayPal\Core\PayPalHttpConnection: INFO	: Response Status 	: 200
[20-10-2015 05:30:02] PayPal\Core\PayPalHttpConnection: INFO	: GET https://api.sandbox.paypal.com/v1/payments/payment/PAY-69454262B3628993DKYS5CTI
[20-10-2015 05:30:03] PayPal\Core\PayPalHttpConnection: INFO	: Response Status 	: 200
[20-10-2015 05:30:03] PayPal\Core\PayPalHttpConnection: INFO	: POST https://api.sandbox.paypal.com/v1/payments/payment/PAY-69454262B3628993DKYS5CTI/execute
[20-10-2015 05:30:05] PayPal\Core\PayPalHttpConnection: INFO	: Response Status 	: 200
